<?xml version="1.0" encoding="UTF-8"?>
<!-- Generated by org.testng.reporters.JUnitReportReporter -->
<testsuite hostname="Namrata" failures="0" tests="1" name="Method_Returntype.TestClass_kite" time="1.159" errors="0" timestamp="2022-08-24T00:02:11 IST" skipped="0">
  <testcase classname="Method_Returntype.TestClass_kite" name="verifyUID" time="1.159"/>
  <system-out>
    <![CDATA[verify userid
DPG458]]>
  </system-out>
</testsuite> <!-- Method_Returntype.TestClass_kite -->
