<?xml version="1.0" encoding="UTF-8"?>
<!-- Generated by org.testng.reporters.JUnitReportReporter -->
<testsuite hostname="Namrata" failures="0" tests="1" name="Assert.Assert_false" time="0.011" errors="0" timestamp="2022-08-23T12:36:27 IST" skipped="0">
  <testcase classname="Assert.Assert_false" name="TC1" time="0.011"/>
  <system-out>
    <![CDATA[running from tc1]]>
  </system-out>
</testsuite> <!-- Assert.Assert_false -->
