<?xml version="1.0" encoding="UTF-8"?>
<!-- Generated by org.testng.reporters.JUnitReportReporter -->
<testsuite hostname="Namrata" failures="0" tests="1" name="Assert.Assert_Not_equal" time="0.011" errors="0" timestamp="2022-08-22T20:02:09 IST" skipped="0">
  <testcase classname="Assert.Assert_Not_equal" name="TC2" time="0.011"/>
  <system-out>
    <![CDATA[Running TC2]]>
  </system-out>
</testsuite> <!-- Assert.Assert_Not_equal -->
