<?xml version="1.0" encoding="UTF-8"?>
<!-- Generated by org.testng.reporters.JUnitReportReporter -->
<testsuite hostname="Namrata" failures="0" tests="1" name="Assert.Assert_true" time="0.009" errors="0" timestamp="2022-08-23T12:32:13 IST" skipped="0">
  <testcase classname="Assert.Assert_true" name="TC1" time="0.009"/>
  <system-out>
    <![CDATA[running frome tc1]]>
  </system-out>
</testsuite> <!-- Assert.Assert_true -->
