<?xml version="1.0" encoding="UTF-8"?>
<!-- Generated by org.testng.reporters.JUnitReportReporter -->
<testsuite hostname="Namrata" failures="0" tests="1" name="TestNG_program.sample" time="0.007" errors="0" timestamp="2022-08-22T10:48:45 IST" skipped="0">
  <testcase classname="TestNG_program.sample" name="tc1" time="0.007"/>
  <system-out/>
</testsuite> <!-- TestNG_program.sample -->
