<?xml version="1.0" encoding="UTF-8"?>
<!-- Generated by org.testng.reporters.JUnitReportReporter -->
<testsuite hostname="Namrata" failures="0" tests="1" name="Assert.Assert_equal" time="0.015" errors="0" timestamp="2022-08-22T19:59:23 IST" skipped="0">
  <testcase classname="Assert.Assert_equal" name="tc" time="0.015"/>
  <system-out>
    <![CDATA[Running tc]]>
  </system-out>
</testsuite> <!-- Assert.Assert_equal -->
